<?xml version="1.0" encoding="UTF-8"?>
<!-- Generated by org.testng.reporters.JUnitReportReporter -->
<testsuite hostname="DESKTOP-6VA702V" failures="0" tests="3" name="tests.PutPatchDeleteExamples" time="3.275" errors="0" timestamp="2024-10-12T19:01:02 IST" skipped="0">
  <testcase classname="tests.PutPatchDeleteExamples" name="testPatch" time="0.542"/>
  <testcase classname="tests.PutPatchDeleteExamples" name="testPut" time="0.554"/>
  <testcase classname="tests.PutPatchDeleteExamples" name="testDelete" time="2.179"/>
</testsuite> <!-- tests.PutPatchDeleteExamples -->
