<?xml version="1.0" encoding="UTF-8"?>
<!-- Generated by org.testng.reporters.JUnitReportReporter -->
<testsuite hostname="DESKTOP-6VA702V" failures="0" tests="1" name="tests.GetAndPost" time="1.984" errors="0" timestamp="2024-10-12T18:12:06 IST" skipped="0">
  <testcase classname="tests.GetAndPost" name="testPost" time="1.984"/>
</testsuite> <!-- tests.GetAndPost -->
